<?xml version="1.0" encoding="UTF-8"?>
<testsuite xmlns:xsi="http://www.w3.org/2001/XMLSchema-instance" xsi:noNamespaceSchemaLocation="https://maven.apache.org/surefire/maven-surefire-plugin/xsd/surefire-test-report.xsd" version="3.0.2" name="com.gameback.AppTest" time="0.23" tests="10" errors="0" skipped="0" failures="0">
  <properties>
[...]
</properties>
  <testcase name="testDatabaseConnection" classname="com.gameback.AppTest" time="0.018">
    <system-out><![CDATA[Base de datos inicializada correctamente.
]]></system-out>
  </testcase>
  <testcase name="testInsertarJuego" classname="com.gameback.AppTest" time="0.013"/>
  <testcase name="testLeerJuegos" classname="com.gameback.AppTest" time="0.003"/>
  <testcase name="testActualizarJuego" classname="com.gameback.AppTest" time="0.005"/>
  <testcase name="testInsertarResena" classname="com.gameback.AppTest" time="0.005"/>
  <testcase name="testRegistrarUsuario" classname="com.gameback.AppTest" time="0.004"/>
  <testcase name="testLoginCorrecto" classname="com.gameback.AppTest" time="0.003"/>
  <testcase name="testLoginIncorrecto" classname="com.gameback.AppTest" time="0.002"/>
  <testcase name="testEliminarResena" classname="com.gameback.AppTest" time="0.004"/>
  <testcase name="testEliminarJuego" classname="com.gameback.AppTest" time="0.004"/>
</testsuite>